<?xml version="1.0" encoding="UTF-8"?>
<!-- Generated by org.testng.reporters.JUnitXMLReporter -->
<testsuite ignored="0" hostname="Asha" failures="0" tests="6" name="cv-library-uk" time="46.631" errors="0" timestamp="2023-12-14T17:25:53 GMT">
  <testcase classname="uk.co.library.testsuite.JobSearchTest" name="verifyJobSearchResultUsingDifferentDataSet" time="4.808"/>
  <testcase classname="uk.co.library.testsuite.JobSearchTest" name="verifyJobSearchResultUsingDifferentDataSet" time="5.04"/>
  <testcase classname="uk.co.library.testsuite.JobSearchTest" name="verifyJobSearchResultUsingDifferentDataSet" time="4.986"/>
  <testcase classname="uk.co.library.testsuite.JobSearchTest" name="verifyJobSearchResultUsingDifferentDataSet" time="5.386"/>
  <testcase classname="uk.co.library.testsuite.JobSearchTest" name="verifyJobSearchResultUsingDifferentDataSet" time="5.786"/>
  <testcase classname="uk.co.library.testsuite.JobSearchTest" name="verifyJobSearchResultUsingDifferentDataSet" time="4.457"/>
</testsuite> <!-- cv-library-uk -->
