<?xml version="1.0" encoding="UTF-8"?>
<testng-results ignored="0" total="6" passed="6" failed="0" skipped="0">
  <reporter-output>
  </reporter-output>
  <suite started-at="2023-12-14T17:25:06 GMT" name="Default Suite" finished-at="2023-12-14T17:25:53 GMT" duration-ms="46631">
    <groups>
      <group name="regression">
        <method signature="JobSearchTest.verifyJobSearchResultUsingDifferentDataSet(java.lang.String,java.lang.String,java.lang.String,java.lang.String,java.lang.String,java.lang.String,java.lang.String,java.lang.String)[pri:0, instance:uk.co.library.testsuite.JobSearchTest@50b472aa]" name="verifyJobSearchResultUsingDifferentDataSet" class="uk.co.library.testsuite.JobSearchTest"/>
      </group> <!-- regression -->
      <group name="smoke">
        <method signature="JobSearchTest.verifyJobSearchResultUsingDifferentDataSet(java.lang.String,java.lang.String,java.lang.String,java.lang.String,java.lang.String,java.lang.String,java.lang.String,java.lang.String)[pri:0, instance:uk.co.library.testsuite.JobSearchTest@50b472aa]" name="verifyJobSearchResultUsingDifferentDataSet" class="uk.co.library.testsuite.JobSearchTest"/>
      </group> <!-- smoke -->
      <group name="sanity">
        <method signature="JobSearchTest.verifyJobSearchResultUsingDifferentDataSet(java.lang.String,java.lang.String,java.lang.String,java.lang.String,java.lang.String,java.lang.String,java.lang.String,java.lang.String)[pri:0, instance:uk.co.library.testsuite.JobSearchTest@50b472aa]" name="verifyJobSearchResultUsingDifferentDataSet" class="uk.co.library.testsuite.JobSearchTest"/>
      </group> <!-- sanity -->
    </groups>
    <test started-at="2023-12-14T17:25:06 GMT" name="cv-library-uk" finished-at="2023-12-14T17:25:53 GMT" duration-ms="46631">
      <class name="uk.co.library.testsuite.JobSearchTest">
        <test-method is-config="true" signature="setUp()[pri:0, instance:uk.co.library.testsuite.JobSearchTest@50b472aa]" started-at="2023-12-14T17:25:06 GMT" name="setUp" finished-at="2023-12-14T17:25:09 GMT" duration-ms="2767" status="PASS">
          <reporter-output>
          </reporter-output>
        </test-method> <!-- setUp -->
        <test-method is-config="true" signature="inIt()[pri:0, instance:uk.co.library.testsuite.JobSearchTest@50b472aa]" started-at="2023-12-14T17:25:09 GMT" name="inIt" finished-at="2023-12-14T17:25:09 GMT" duration-ms="17" status="PASS">
          <reporter-output>
          </reporter-output>
        </test-method> <!-- inIt -->
        <test-method signature="verifyJobSearchResultUsingDifferentDataSet(java.lang.String,java.lang.String,java.lang.String,java.lang.String,java.lang.String,java.lang.String,java.lang.String,java.lang.String)[pri:0, instance:uk.co.library.testsuite.JobSearchTest@50b472aa]" started-at="2023-12-14T17:25:09 GMT" name="verifyJobSearchResultUsingDifferentDataSet" data-provider="JobSearchData" finished-at="2023-12-14T17:25:14 GMT" duration-ms="4808" status="PASS">
          <params>
            <param index="0">
              <value>
                <![CDATA[Tester]]>
              </value>
            </param>
            <param index="1">
              <value>
                <![CDATA[Harrow]]>
              </value>
            </param>
            <param index="2">
              <value>
                <![CDATA[5 miles]]>
              </value>
            </param>
            <param index="3">
              <value>
                <![CDATA[30000]]>
              </value>
            </param>
            <param index="4">
              <value>
                <![CDATA[50000]]>
              </value>
            </param>
            <param index="5">
              <value>
                <![CDATA[Per annum]]>
              </value>
            </param>
            <param index="6">
              <value>
                <![CDATA[Permanent]]>
              </value>
            </param>
            <param index="7">
              <value>
                <![CDATA[Permanent Tester jobs in Harrow ]]>
              </value>
            </param>
          </params>
          <reporter-output>
          </reporter-output>
        </test-method> <!-- verifyJobSearchResultUsingDifferentDataSet -->
        <test-method is-config="true" signature="tearDown()[pri:0, instance:uk.co.library.testsuite.JobSearchTest@50b472aa]" started-at="2023-12-14T17:25:14 GMT" name="tearDown" finished-at="2023-12-14T17:25:14 GMT" duration-ms="199" status="PASS">
          <reporter-output>
          </reporter-output>
        </test-method> <!-- tearDown -->
        <test-method is-config="true" signature="setUp()[pri:0, instance:uk.co.library.testsuite.JobSearchTest@50b472aa]" started-at="2023-12-14T17:25:14 GMT" name="setUp" finished-at="2023-12-14T17:25:16 GMT" duration-ms="2398" status="PASS">
          <reporter-output>
          </reporter-output>
        </test-method> <!-- setUp -->
        <test-method is-config="true" signature="inIt()[pri:0, instance:uk.co.library.testsuite.JobSearchTest@50b472aa]" started-at="2023-12-14T17:25:16 GMT" name="inIt" finished-at="2023-12-14T17:25:16 GMT" duration-ms="4" status="PASS">
          <reporter-output>
          </reporter-output>
        </test-method> <!-- inIt -->
        <test-method signature="verifyJobSearchResultUsingDifferentDataSet(java.lang.String,java.lang.String,java.lang.String,java.lang.String,java.lang.String,java.lang.String,java.lang.String,java.lang.String)[pri:0, instance:uk.co.library.testsuite.JobSearchTest@50b472aa]" started-at="2023-12-14T17:25:16 GMT" name="verifyJobSearchResultUsingDifferentDataSet" data-provider="JobSearchData" finished-at="2023-12-14T17:25:21 GMT" duration-ms="5040" status="PASS">
          <params>
            <param index="0">
              <value>
                <![CDATA[Scrum Master]]>
              </value>
            </param>
            <param index="1">
              <value>
                <![CDATA[London]]>
              </value>
            </param>
            <param index="2">
              <value>
                <![CDATA[10 miles]]>
              </value>
            </param>
            <param index="3">
              <value>
                <![CDATA[70000]]>
              </value>
            </param>
            <param index="4">
              <value>
                <![CDATA[80000]]>
              </value>
            </param>
            <param index="5">
              <value>
                <![CDATA[Per annum]]>
              </value>
            </param>
            <param index="6">
              <value>
                <![CDATA[Permanent]]>
              </value>
            </param>
            <param index="7">
              <value>
                <![CDATA[Permanent Scrum Master jobs in London ]]>
              </value>
            </param>
          </params>
          <reporter-output>
          </reporter-output>
        </test-method> <!-- verifyJobSearchResultUsingDifferentDataSet -->
        <test-method is-config="true" signature="tearDown()[pri:0, instance:uk.co.library.testsuite.JobSearchTest@50b472aa]" started-at="2023-12-14T17:25:21 GMT" name="tearDown" finished-at="2023-12-14T17:25:22 GMT" duration-ms="183" status="PASS">
          <reporter-output>
          </reporter-output>
        </test-method> <!-- tearDown -->
        <test-method is-config="true" signature="setUp()[pri:0, instance:uk.co.library.testsuite.JobSearchTest@50b472aa]" started-at="2023-12-14T17:25:22 GMT" name="setUp" finished-at="2023-12-14T17:25:24 GMT" duration-ms="2377" status="PASS">
          <reporter-output>
          </reporter-output>
        </test-method> <!-- setUp -->
        <test-method is-config="true" signature="inIt()[pri:0, instance:uk.co.library.testsuite.JobSearchTest@50b472aa]" started-at="2023-12-14T17:25:24 GMT" name="inIt" finished-at="2023-12-14T17:25:24 GMT" duration-ms="3" status="PASS">
          <reporter-output>
          </reporter-output>
        </test-method> <!-- inIt -->
        <test-method signature="verifyJobSearchResultUsingDifferentDataSet(java.lang.String,java.lang.String,java.lang.String,java.lang.String,java.lang.String,java.lang.String,java.lang.String,java.lang.String)[pri:0, instance:uk.co.library.testsuite.JobSearchTest@50b472aa]" started-at="2023-12-14T17:25:24 GMT" name="verifyJobSearchResultUsingDifferentDataSet" data-provider="JobSearchData" finished-at="2023-12-14T17:25:29 GMT" duration-ms="4986" status="PASS">
          <params>
            <param index="0">
              <value>
                <![CDATA[Test Manager]]>
              </value>
            </param>
            <param index="1">
              <value>
                <![CDATA[Southampton]]>
              </value>
            </param>
            <param index="2">
              <value>
                <![CDATA[5 miles]]>
              </value>
            </param>
            <param index="3">
              <value>
                <![CDATA[70000]]>
              </value>
            </param>
            <param index="4">
              <value>
                <![CDATA[80000]]>
              </value>
            </param>
            <param index="5">
              <value>
                <![CDATA[Per annum]]>
              </value>
            </param>
            <param index="6">
              <value>
                <![CDATA[Permanent]]>
              </value>
            </param>
            <param index="7">
              <value>
                <![CDATA[Permanent Test Manager jobs in Southampton]]>
              </value>
            </param>
          </params>
          <reporter-output>
          </reporter-output>
        </test-method> <!-- verifyJobSearchResultUsingDifferentDataSet -->
        <test-method is-config="true" signature="tearDown()[pri:0, instance:uk.co.library.testsuite.JobSearchTest@50b472aa]" started-at="2023-12-14T17:25:29 GMT" name="tearDown" finished-at="2023-12-14T17:25:29 GMT" duration-ms="181" status="PASS">
          <reporter-output>
          </reporter-output>
        </test-method> <!-- tearDown -->
        <test-method is-config="true" signature="setUp()[pri:0, instance:uk.co.library.testsuite.JobSearchTest@50b472aa]" started-at="2023-12-14T17:25:29 GMT" name="setUp" finished-at="2023-12-14T17:25:32 GMT" duration-ms="2525" status="PASS">
          <reporter-output>
          </reporter-output>
        </test-method> <!-- setUp -->
        <test-method is-config="true" signature="inIt()[pri:0, instance:uk.co.library.testsuite.JobSearchTest@50b472aa]" started-at="2023-12-14T17:25:32 GMT" name="inIt" finished-at="2023-12-14T17:25:32 GMT" duration-ms="3" status="PASS">
          <reporter-output>
          </reporter-output>
        </test-method> <!-- inIt -->
        <test-method signature="verifyJobSearchResultUsingDifferentDataSet(java.lang.String,java.lang.String,java.lang.String,java.lang.String,java.lang.String,java.lang.String,java.lang.String,java.lang.String)[pri:0, instance:uk.co.library.testsuite.JobSearchTest@50b472aa]" started-at="2023-12-14T17:25:32 GMT" name="verifyJobSearchResultUsingDifferentDataSet" data-provider="JobSearchData" finished-at="2023-12-14T17:25:37 GMT" duration-ms="5386" status="PASS">
          <params>
            <param index="0">
              <value>
                <![CDATA[IT Developer]]>
              </value>
            </param>
            <param index="1">
              <value>
                <![CDATA[Birmingham]]>
              </value>
            </param>
            <param index="2">
              <value>
                <![CDATA[10 miles]]>
              </value>
            </param>
            <param index="3">
              <value>
                <![CDATA[40000]]>
              </value>
            </param>
            <param index="4">
              <value>
                <![CDATA[60000]]>
              </value>
            </param>
            <param index="5">
              <value>
                <![CDATA[Per annum]]>
              </value>
            </param>
            <param index="6">
              <value>
                <![CDATA[Permanent]]>
              </value>
            </param>
            <param index="7">
              <value>
                <![CDATA[Permanent It Developer jobs in Birmingham]]>
              </value>
            </param>
          </params>
          <reporter-output>
          </reporter-output>
        </test-method> <!-- verifyJobSearchResultUsingDifferentDataSet -->
        <test-method is-config="true" signature="tearDown()[pri:0, instance:uk.co.library.testsuite.JobSearchTest@50b472aa]" started-at="2023-12-14T17:25:37 GMT" name="tearDown" finished-at="2023-12-14T17:25:37 GMT" duration-ms="192" status="PASS">
          <reporter-output>
          </reporter-output>
        </test-method> <!-- tearDown -->
        <test-method is-config="true" signature="setUp()[pri:0, instance:uk.co.library.testsuite.JobSearchTest@50b472aa]" started-at="2023-12-14T17:25:37 GMT" name="setUp" finished-at="2023-12-14T17:25:40 GMT" duration-ms="2372" status="PASS">
          <reporter-output>
          </reporter-output>
        </test-method> <!-- setUp -->
        <test-method is-config="true" signature="inIt()[pri:0, instance:uk.co.library.testsuite.JobSearchTest@50b472aa]" started-at="2023-12-14T17:25:40 GMT" name="inIt" finished-at="2023-12-14T17:25:40 GMT" duration-ms="2" status="PASS">
          <reporter-output>
          </reporter-output>
        </test-method> <!-- inIt -->
        <test-method signature="verifyJobSearchResultUsingDifferentDataSet(java.lang.String,java.lang.String,java.lang.String,java.lang.String,java.lang.String,java.lang.String,java.lang.String,java.lang.String)[pri:0, instance:uk.co.library.testsuite.JobSearchTest@50b472aa]" started-at="2023-12-14T17:25:40 GMT" name="verifyJobSearchResultUsingDifferentDataSet" data-provider="JobSearchData" finished-at="2023-12-14T17:25:45 GMT" duration-ms="5786" status="PASS">
          <params>
            <param index="0">
              <value>
                <![CDATA[Automation Tester]]>
              </value>
            </param>
            <param index="1">
              <value>
                <![CDATA[Bristol(County)]]>
              </value>
            </param>
            <param index="2">
              <value>
                <![CDATA[15 miles]]>
              </value>
            </param>
            <param index="3">
              <value>
                <![CDATA[40000]]>
              </value>
            </param>
            <param index="4">
              <value>
                <![CDATA[50000]]>
              </value>
            </param>
            <param index="5">
              <value>
                <![CDATA[Per annum]]>
              </value>
            </param>
            <param index="6">
              <value>
                <![CDATA[Permanent]]>
              </value>
            </param>
            <param index="7">
              <value>
                <![CDATA[Permanent Automation Tester jobs in Bristol (County)]]>
              </value>
            </param>
          </params>
          <reporter-output>
          </reporter-output>
        </test-method> <!-- verifyJobSearchResultUsingDifferentDataSet -->
        <test-method is-config="true" signature="tearDown()[pri:0, instance:uk.co.library.testsuite.JobSearchTest@50b472aa]" started-at="2023-12-14T17:25:45 GMT" name="tearDown" finished-at="2023-12-14T17:25:46 GMT" duration-ms="172" status="PASS">
          <reporter-output>
          </reporter-output>
        </test-method> <!-- tearDown -->
        <test-method is-config="true" signature="setUp()[pri:0, instance:uk.co.library.testsuite.JobSearchTest@50b472aa]" started-at="2023-12-14T17:25:46 GMT" name="setUp" finished-at="2023-12-14T17:25:48 GMT" duration-ms="2292" status="PASS">
          <reporter-output>
          </reporter-output>
        </test-method> <!-- setUp -->
        <test-method is-config="true" signature="inIt()[pri:0, instance:uk.co.library.testsuite.JobSearchTest@50b472aa]" started-at="2023-12-14T17:25:48 GMT" name="inIt" finished-at="2023-12-14T17:25:48 GMT" duration-ms="3" status="PASS">
          <reporter-output>
          </reporter-output>
        </test-method> <!-- inIt -->
        <test-method signature="verifyJobSearchResultUsingDifferentDataSet(java.lang.String,java.lang.String,java.lang.String,java.lang.String,java.lang.String,java.lang.String,java.lang.String,java.lang.String)[pri:0, instance:uk.co.library.testsuite.JobSearchTest@50b472aa]" started-at="2023-12-14T17:25:48 GMT" name="verifyJobSearchResultUsingDifferentDataSet" data-provider="JobSearchData" finished-at="2023-12-14T17:25:52 GMT" duration-ms="4457" status="PASS">
          <params>
            <param index="0">
              <value>
                <![CDATA[Business analyst]]>
              </value>
            </param>
            <param index="1">
              <value>
                <![CDATA[Cardiff]]>
              </value>
            </param>
            <param index="2">
              <value>
                <![CDATA[10 miles]]>
              </value>
            </param>
            <param index="3">
              <value>
                <![CDATA[30000]]>
              </value>
            </param>
            <param index="4">
              <value>
                <![CDATA[60000]]>
              </value>
            </param>
            <param index="5">
              <value>
                <![CDATA[Per annum]]>
              </value>
            </param>
            <param index="6">
              <value>
                <![CDATA[Permanent]]>
              </value>
            </param>
            <param index="7">
              <value>
                <![CDATA[Permanent Business Analyst jobs in Cardiff]]>
              </value>
            </param>
          </params>
          <reporter-output>
          </reporter-output>
        </test-method> <!-- verifyJobSearchResultUsingDifferentDataSet -->
        <test-method is-config="true" signature="tearDown()[pri:0, instance:uk.co.library.testsuite.JobSearchTest@50b472aa]" started-at="2023-12-14T17:25:52 GMT" name="tearDown" finished-at="2023-12-14T17:25:53 GMT" duration-ms="182" status="PASS">
          <reporter-output>
          </reporter-output>
        </test-method> <!-- tearDown -->
      </class> <!-- uk.co.library.testsuite.JobSearchTest -->
    </test> <!-- cv-library-uk -->
  </suite> <!-- Default Suite -->
</testng-results>
